<?xml version="1.0" encoding="UTF-8"?>
<testsuite xmlns:xsi="http://www.w3.org/2001/XMLSchema-instance" xsi:noNamespaceSchemaLocation="https://maven.apache.org/surefire/maven-surefire-plugin/xsd/surefire-test-report.xsd" name="org.spring.example.AppTest" time="0.021" tests="1" errors="0" skipped="0" failures="0">
  <properties>
    <property name="sun.desktop" value="windows"/>
    <property name="awt.toolkit" value="sun.awt.windows.WToolkit"/>
    <property name="file.encoding.pkg" value="sun.io"/>
    <property name="java.specification.version" value="1.8"/>
    <property name="sun.cpu.isalist" value="amd64"/>
    <property name="sun.jnu.encoding" value="MS949"/>
    <property name="java.class.path" value="C:\practice\eGovFrame-3.10.0\workspace.edu\SpringExample\target\test-classes;C:\practice\eGovFrame-3.10.0\workspace.edu\SpringExample\target\classes;C:\practice\eGovFrame-3.10.0\workspace.edu\apache-maven-3.8.1\repository\junit\junit\4.11\junit-4.11.jar;C:\practice\eGovFrame-3.10.0\workspace.edu\apache-maven-3.8.1\repository\org\hamcrest\hamcrest-core\1.3\hamcrest-core-1.3.jar;C:\practice\eGovFrame-3.10.0\workspace.edu\apache-maven-3.8.1\repository\org\springframework\spring-aop\5.2.3.RELEASE\spring-aop-5.2.3.RELEASE.jar;C:\practice\eGovFrame-3.10.0\workspace.edu\apache-maven-3.8.1\repository\org\springframework\spring-beans\5.2.3.RELEASE\spring-beans-5.2.3.RELEASE.jar;C:\practice\eGovFrame-3.10.0\workspace.edu\apache-maven-3.8.1\repository\org\springframework\spring-context\5.2.3.RELEASE\spring-context-5.2.3.RELEASE.jar;C:\practice\eGovFrame-3.10.0\workspace.edu\apache-maven-3.8.1\repository\org\springframework\spring-core\5.2.3.RELEASE\spring-core-5.2.3.RELEASE.jar;C:\practice\eGovFrame-3.10.0\workspace.edu\apache-maven-3.8.1\repository\org\springframework\spring-jcl\5.2.3.RELEASE\spring-jcl-5.2.3.RELEASE.jar;C:\practice\eGovFrame-3.10.0\workspace.edu\apache-maven-3.8.1\repository\org\springframework\spring-expression\5.2.3.RELEASE\spring-expression-5.2.3.RELEASE.jar;C:\practice\eGovFrame-3.10.0\workspace.edu\apache-maven-3.8.1\repository\org\springframework\spring-web\5.2.3.RELEASE\spring-web-5.2.3.RELEASE.jar;C:\practice\eGovFrame-3.10.0\workspace.edu\apache-maven-3.8.1\repository\org\springframework\spring-webmvc\5.2.3.RELEASE\spring-webmvc-5.2.3.RELEASE.jar;C:\practice\eGovFrame-3.10.0\workspace.edu\apache-maven-3.8.1\repository\org\springframework\spring-jdbc\5.2.3.RELEASE\spring-jdbc-5.2.3.RELEASE.jar;C:\practice\eGovFrame-3.10.0\workspace.edu\apache-maven-3.8.1\repository\org\springframework\spring-tx\5.2.3.RELEASE\spring-tx-5.2.3.RELEASE.jar;C:\practice\eGovFrame-3.10.0\workspace.edu\apache-maven-3.8.1\repository\javax\servlet\servlet-api\2.5\servlet-api-2.5.jar;C:\practice\eGovFrame-3.10.0\workspace.edu\apache-maven-3.8.1\repository\javax\servlet\jstl\1.2\jstl-1.2.jar;C:\practice\eGovFrame-3.10.0\workspace.edu\apache-maven-3.8.1\repository\com\mysql\mysql-connector-j\8.0.33\mysql-connector-j-8.0.33.jar;C:\practice\eGovFrame-3.10.0\workspace.edu\apache-maven-3.8.1\repository\com\google\protobuf\protobuf-java\3.21.9\protobuf-java-3.21.9.jar;C:\practice\eGovFrame-3.10.0\workspace.edu\apache-maven-3.8.1\repository\org\mybatis\mybatis\3.5.13\mybatis-3.5.13.jar;C:\practice\eGovFrame-3.10.0\workspace.edu\apache-maven-3.8.1\repository\org\mybatis\mybatis-spring\3.0.2\mybatis-spring-3.0.2.jar;C:\practice\eGovFrame-3.10.0\workspace.edu\apache-maven-3.8.1\repository\com\fasterxml\jackson\core\jackson-databind\2.14.2\jackson-databind-2.14.2.jar;C:\practice\eGovFrame-3.10.0\workspace.edu\apache-maven-3.8.1\repository\com\fasterxml\jackson\core\jackson-annotations\2.14.2\jackson-annotations-2.14.2.jar;C:\practice\eGovFrame-3.10.0\workspace.edu\apache-maven-3.8.1\repository\com\fasterxml\jackson\core\jackson-core\2.14.2\jackson-core-2.14.2.jar;C:\practice\eGovFrame-3.10.0\workspace.edu\apache-maven-3.8.1\repository\org\codehaus\jackson\jackson-mapper-asl\1.9.13\jackson-mapper-asl-1.9.13.jar;C:\practice\eGovFrame-3.10.0\workspace.edu\apache-maven-3.8.1\repository\org\codehaus\jackson\jackson-core-asl\1.9.13\jackson-core-asl-1.9.13.jar;"/>
    <property name="java.vm.vendor" value=""/>
    <property name="sun.arch.data.model" value="64"/>
    <property name="user.variant" value=""/>
    <property name="java.vendor.url" value="http://java.oracle.com/"/>
    <property name="user.timezone" value="Asia/Seoul"/>
    <property name="java.vm.specification.version" value="1.8"/>
    <property name="os.name" value="Windows 10"/>
    <property name="user.country" value="KR"/>
    <property name="sun.java.launcher" value="SUN_STANDARD"/>
    <property name="sun.boot.library.path" value="C:\practice\eGovFrame-3.10.0\bin\jdk8u242-b08\jre\bin"/>
    <property name="sun.java.command" value="C:\Users\chans\AppData\Local\Temp\surefire2227912622164645850\surefirebooter7765232669881897285.jar C:\Users\chans\AppData\Local\Temp\surefire2227912622164645850 2023-11-07T18-26-40_853-jvmRun1 surefire7305738117552237460tmp surefire_0214890512597869452tmp"/>
    <property name="surefire.test.class.path" value="C:\practice\eGovFrame-3.10.0\workspace.edu\SpringExample\target\test-classes;C:\practice\eGovFrame-3.10.0\workspace.edu\SpringExample\target\classes;C:\practice\eGovFrame-3.10.0\workspace.edu\apache-maven-3.8.1\repository\junit\junit\4.11\junit-4.11.jar;C:\practice\eGovFrame-3.10.0\workspace.edu\apache-maven-3.8.1\repository\org\hamcrest\hamcrest-core\1.3\hamcrest-core-1.3.jar;C:\practice\eGovFrame-3.10.0\workspace.edu\apache-maven-3.8.1\repository\org\springframework\spring-aop\5.2.3.RELEASE\spring-aop-5.2.3.RELEASE.jar;C:\practice\eGovFrame-3.10.0\workspace.edu\apache-maven-3.8.1\repository\org\springframework\spring-beans\5.2.3.RELEASE\spring-beans-5.2.3.RELEASE.jar;C:\practice\eGovFrame-3.10.0\workspace.edu\apache-maven-3.8.1\repository\org\springframework\spring-context\5.2.3.RELEASE\spring-context-5.2.3.RELEASE.jar;C:\practice\eGovFrame-3.10.0\workspace.edu\apache-maven-3.8.1\repository\org\springframework\spring-core\5.2.3.RELEASE\spring-core-5.2.3.RELEASE.jar;C:\practice\eGovFrame-3.10.0\workspace.edu\apache-maven-3.8.1\repository\org\springframework\spring-jcl\5.2.3.RELEASE\spring-jcl-5.2.3.RELEASE.jar;C:\practice\eGovFrame-3.10.0\workspace.edu\apache-maven-3.8.1\repository\org\springframework\spring-expression\5.2.3.RELEASE\spring-expression-5.2.3.RELEASE.jar;C:\practice\eGovFrame-3.10.0\workspace.edu\apache-maven-3.8.1\repository\org\springframework\spring-web\5.2.3.RELEASE\spring-web-5.2.3.RELEASE.jar;C:\practice\eGovFrame-3.10.0\workspace.edu\apache-maven-3.8.1\repository\org\springframework\spring-webmvc\5.2.3.RELEASE\spring-webmvc-5.2.3.RELEASE.jar;C:\practice\eGovFrame-3.10.0\workspace.edu\apache-maven-3.8.1\repository\org\springframework\spring-jdbc\5.2.3.RELEASE\spring-jdbc-5.2.3.RELEASE.jar;C:\practice\eGovFrame-3.10.0\workspace.edu\apache-maven-3.8.1\repository\org\springframework\spring-tx\5.2.3.RELEASE\spring-tx-5.2.3.RELEASE.jar;C:\practice\eGovFrame-3.10.0\workspace.edu\apache-maven-3.8.1\repository\javax\servlet\servlet-api\2.5\servlet-api-2.5.jar;C:\practice\eGovFrame-3.10.0\workspace.edu\apache-maven-3.8.1\repository\javax\servlet\jstl\1.2\jstl-1.2.jar;C:\practice\eGovFrame-3.10.0\workspace.edu\apache-maven-3.8.1\repository\com\mysql\mysql-connector-j\8.0.33\mysql-connector-j-8.0.33.jar;C:\practice\eGovFrame-3.10.0\workspace.edu\apache-maven-3.8.1\repository\com\google\protobuf\protobuf-java\3.21.9\protobuf-java-3.21.9.jar;C:\practice\eGovFrame-3.10.0\workspace.edu\apache-maven-3.8.1\repository\org\mybatis\mybatis\3.5.13\mybatis-3.5.13.jar;C:\practice\eGovFrame-3.10.0\workspace.edu\apache-maven-3.8.1\repository\org\mybatis\mybatis-spring\3.0.2\mybatis-spring-3.0.2.jar;C:\practice\eGovFrame-3.10.0\workspace.edu\apache-maven-3.8.1\repository\com\fasterxml\jackson\core\jackson-databind\2.14.2\jackson-databind-2.14.2.jar;C:\practice\eGovFrame-3.10.0\workspace.edu\apache-maven-3.8.1\repository\com\fasterxml\jackson\core\jackson-annotations\2.14.2\jackson-annotations-2.14.2.jar;C:\practice\eGovFrame-3.10.0\workspace.edu\apache-maven-3.8.1\repository\com\fasterxml\jackson\core\jackson-core\2.14.2\jackson-core-2.14.2.jar;C:\practice\eGovFrame-3.10.0\workspace.edu\apache-maven-3.8.1\repository\org\codehaus\jackson\jackson-mapper-asl\1.9.13\jackson-mapper-asl-1.9.13.jar;C:\practice\eGovFrame-3.10.0\workspace.edu\apache-maven-3.8.1\repository\org\codehaus\jackson\jackson-core-asl\1.9.13\jackson-core-asl-1.9.13.jar;"/>
    <property name="sun.cpu.endian" value="little"/>
    <property name="user.home" value="C:\Users\chans"/>
    <property name="user.language" value="ko"/>
    <property name="java.specification.vendor" value="Oracle Corporation"/>
    <property name="java.home" value="C:\practice\eGovFrame-3.10.0\bin\jdk8u242-b08\jre"/>
    <property name="basedir" value="C:\practice\eGovFrame-3.10.0\workspace.edu\SpringExample"/>
    <property name="file.separator" value="\"/>
    <property name="line.separator" value="&#10;"/>
    <property name="java.vm.specification.vendor" value="Oracle Corporation"/>
    <property name="java.specification.name" value="Java Platform API Specification"/>
    <property name="java.awt.graphicsenv" value="sun.awt.Win32GraphicsEnvironment"/>
    <property name="surefire.real.class.path" value="C:\Users\chans\AppData\Local\Temp\surefire2227912622164645850\surefirebooter7765232669881897285.jar"/>
    <property name="sun.boot.class.path" value="C:\practice\eGovFrame-3.10.0\bin\jdk8u242-b08\jre\lib\resources.jar;C:\practice\eGovFrame-3.10.0\bin\jdk8u242-b08\jre\lib\rt.jar;C:\practice\eGovFrame-3.10.0\bin\jdk8u242-b08\jre\lib\sunrsasign.jar;C:\practice\eGovFrame-3.10.0\bin\jdk8u242-b08\jre\lib\jsse.jar;C:\practice\eGovFrame-3.10.0\bin\jdk8u242-b08\jre\lib\jce.jar;C:\practice\eGovFrame-3.10.0\bin\jdk8u242-b08\jre\lib\charsets.jar;C:\practice\eGovFrame-3.10.0\bin\jdk8u242-b08\jre\lib\jfr.jar;C:\practice\eGovFrame-3.10.0\bin\jdk8u242-b08\jre\classes"/>
    <property name="user.script" value=""/>
    <property name="sun.management.compiler" value="HotSpot 64-Bit Tiered Compilers"/>
    <property name="java.runtime.version" value="1.8.0_242-b08"/>
    <property name="user.name" value="chans"/>
    <property name="path.separator" value=";"/>
    <property name="os.version" value="10.0"/>
    <property name="java.endorsed.dirs" value="C:\practice\eGovFrame-3.10.0\bin\jdk8u242-b08\jre\lib\endorsed"/>
    <property name="java.runtime.name" value="OpenJDK Runtime Environment"/>
    <property name="file.encoding" value="MS949"/>
    <property name="java.vm.name" value="OpenJDK 64-Bit Server VM"/>
    <property name="localRepository" value="C:\practice\eGovFrame-3.10.0\workspace.edu\apache-maven-3.8.1\repository"/>
    <property name="java.vendor.url.bug" value="http://bugreport.sun.com/bugreport/"/>
    <property name="java.io.tmpdir" value="C:\Users\chans\AppData\Local\Temp\"/>
    <property name="idea.version" value="2022.2.3"/>
    <property name="java.version" value="1.8.0_242"/>
    <property name="user.dir" value="C:\practice\eGovFrame-3.10.0\workspace.edu\SpringExample"/>
    <property name="os.arch" value="amd64"/>
    <property name="java.vm.specification.name" value="Java Virtual Machine Specification"/>
    <property name="java.awt.printerjob" value="sun.awt.windows.WPrinterJob"/>
    <property name="sun.os.patch.level" value=""/>
    <property name="java.library.path" value="C:\practice\eGovFrame-3.10.0\bin\jdk8u242-b08\jre\bin;C:\WINDOWS\Sun\Java\bin;C:\WINDOWS\system32;C:\WINDOWS;C:\WINDOWS\system32;C:\WINDOWS;C:\WINDOWS\System32\Wbem;C:\WINDOWS\System32\WindowsPowerShell\v1.0\;C:\WINDOWS\System32\OpenSSH\;C:\Program Files (x86)\Windows Kits\10\Windows Performance Toolkit\;C:\Program Files\Git\cmd;C:\Program Files\nodejs\;C:\Users\chans\AppData\Local\Microsoft\WindowsApps;;C:\Program Files\JetBrains\IntelliJ IDEA 2022.2.3\bin;;C:\Users\chans\AppData\Local\Programs\Microsoft VS Code\bin;C:\Users\chans\AppData\Roaming\npm;."/>
    <property name="java.vm.info" value="mixed mode"/>
    <property name="java.vendor" value="AdoptOpenJDK"/>
    <property name="java.vm.version" value="25.242-b08"/>
    <property name="java.ext.dirs" value="C:\practice\eGovFrame-3.10.0\bin\jdk8u242-b08\jre\lib\ext;C:\WINDOWS\Sun\Java\lib\ext"/>
    <property name="sun.io.unicode.encoding" value="UnicodeLittle"/>
    <property name="maven.repo.local" value="C:\practice\eGovFrame-3.10.0\workspace.edu\apache-maven-3.8.1\repository"/>
    <property name="java.class.version" value="52.0"/>
  </properties>
  <testcase name="testApp" classname="org.spring.example.AppTest" time="0.001"/>
</testsuite>